2025-05-12 15:30:54 - INFO - Starting BSBI algorithm...
2025-05-12 15:30:54 - INFO - Processing directory: ../data/wiki-small/
2025-05-12 15:30:54 - INFO - Chunk limit: 60 documents per chunk
2025-05-12 15:30:54 - INFO - === Chunk Generation Phase ===
2025-05-12 15:30:55 - INFO - Chunk 0 completed - Docs: 60 | Terms: 42392 | Time: 0.0219s
2025-05-12 15:30:57 - INFO - Chunk 1 completed - Docs: 60 | Terms: 48194 | Time: 0.0272s
2025-05-12 15:30:58 - INFO - Chunk 2 completed - Docs: 60 | Terms: 36409 | Time: 0.0220s
2025-05-12 15:30:58 - INFO - Chunk 3 completed - Docs: 60 | Terms: 37278 | Time: 0.0224s
2025-05-12 15:30:59 - INFO - Chunk 4 completed - Docs: 60 | Terms: 39114 | Time: 0.0269s
2025-05-12 15:31:00 - INFO - Chunk 5 completed - Docs: 60 | Terms: 39077 | Time: 0.0247s
2025-05-12 15:31:01 - INFO - Chunk 6 completed - Docs: 60 | Terms: 41678 | Time: 0.0255s
2025-05-12 15:31:02 - INFO - Chunk 7 completed - Docs: 60 | Terms: 44573 | Time: 0.0348s
2025-05-12 15:31:03 - INFO - Chunk 8 completed - Docs: 60 | Terms: 40867 | Time: 0.0252s
2025-05-12 15:31:04 - INFO - Chunk 9 completed - Docs: 60 | Terms: 40209 | Time: 0.0248s
2025-05-12 15:31:05 - INFO - Chunk 10 completed - Docs: 60 | Terms: 38046 | Time: 0.0237s
2025-05-12 15:31:06 - INFO - Chunk 11 completed - Docs: 60 | Terms: 43186 | Time: 0.0263s
2025-05-12 15:31:06 - INFO - Chunk 12 completed - Docs: 60 | Terms: 36661 | Time: 0.0235s
2025-05-12 15:31:07 - INFO - Chunk 13 completed - Docs: 60 | Terms: 41915 | Time: 0.0261s
2025-05-12 15:31:08 - INFO - Chunk 14 completed - Docs: 60 | Terms: 47289 | Time: 0.0294s
2025-05-12 15:31:09 - INFO - Chunk 15 completed - Docs: 60 | Terms: 39337 | Time: 0.0252s
2025-05-12 15:31:10 - INFO - Chunk 16 completed - Docs: 60 | Terms: 37607 | Time: 0.0244s
2025-05-12 15:31:11 - INFO - Chunk 17 completed - Docs: 60 | Terms: 41452 | Time: 0.0261s
2025-05-12 15:31:12 - INFO - Chunk 18 completed - Docs: 60 | Terms: 42179 | Time: 0.0264s
2025-05-12 15:31:13 - INFO - Chunk 19 completed - Docs: 60 | Terms: 42876 | Time: 0.0283s
2025-05-12 15:31:13 - INFO - Chunk 20 completed - Docs: 60 | Terms: 41691 | Time: 0.0262s
2025-05-12 15:31:14 - INFO - Chunk 21 completed - Docs: 60 | Terms: 43359 | Time: 0.0276s
2025-05-12 15:31:15 - INFO - Chunk 22 completed - Docs: 60 | Terms: 41259 | Time: 0.0265s
2025-05-12 15:31:16 - INFO - Chunk 23 completed - Docs: 60 | Terms: 37634 | Time: 0.0241s
2025-05-12 15:31:17 - INFO - Chunk 24 completed - Docs: 60 | Terms: 37864 | Time: 0.0244s
2025-05-12 15:31:17 - INFO - Chunk 25 completed - Docs: 60 | Terms: 39400 | Time: 0.0250s
2025-05-12 15:31:18 - INFO - Chunk 26 completed - Docs: 60 | Terms: 39685 | Time: 0.0263s
2025-05-12 15:31:19 - INFO - Chunk 27 completed - Docs: 60 | Terms: 42749 | Time: 0.0267s
2025-05-12 15:31:20 - INFO - Chunk 28 completed - Docs: 60 | Terms: 42651 | Time: 0.0270s
2025-05-12 15:31:21 - INFO - Chunk 29 completed - Docs: 60 | Terms: 42413 | Time: 0.0270s
2025-05-12 15:31:22 - INFO - Chunk 30 completed - Docs: 60 | Terms: 40133 | Time: 0.0255s
2025-05-12 15:31:23 - INFO - Chunk 31 completed - Docs: 60 | Terms: 41942 | Time: 0.0271s
2025-05-12 15:31:23 - INFO - Chunk 32 completed - Docs: 60 | Terms: 34497 | Time: 0.0223s
2025-05-12 15:31:24 - INFO - Chunk 33 completed - Docs: 60 | Terms: 39520 | Time: 0.0252s
2025-05-12 15:31:25 - INFO - Chunk 34 completed - Docs: 60 | Terms: 38053 | Time: 0.0247s
2025-05-12 15:31:26 - INFO - Chunk 35 completed - Docs: 60 | Terms: 37446 | Time: 0.0234s
2025-05-12 15:31:27 - INFO - Chunk 36 completed - Docs: 60 | Terms: 39455 | Time: 0.0255s
2025-05-12 15:31:28 - INFO - Chunk 37 completed - Docs: 60 | Terms: 41730 | Time: 0.0260s
2025-05-12 15:31:28 - INFO - Chunk 38 completed - Docs: 60 | Terms: 43538 | Time: 0.0288s
2025-05-12 15:31:29 - INFO - Chunk 39 completed - Docs: 60 | Terms: 42700 | Time: 0.0301s
2025-05-12 15:31:30 - INFO - Chunk 40 completed - Docs: 60 | Terms: 39765 | Time: 0.0253s
2025-05-12 15:31:31 - INFO - Chunk 41 completed - Docs: 60 | Terms: 41761 | Time: 0.0266s
2025-05-12 15:31:32 - INFO - Chunk 42 completed - Docs: 60 | Terms: 41627 | Time: 0.0264s
2025-05-12 15:31:33 - INFO - Chunk 43 completed - Docs: 60 | Terms: 38238 | Time: 0.0246s
2025-05-12 15:31:34 - INFO - Chunk 44 completed - Docs: 60 | Terms: 42431 | Time: 0.0275s
2025-05-12 15:31:34 - INFO - Chunk 45 completed - Docs: 60 | Terms: 37328 | Time: 0.0242s
2025-05-12 15:31:35 - INFO - Chunk 46 completed - Docs: 60 | Terms: 42378 | Time: 0.0273s
2025-05-12 15:31:36 - INFO - Chunk 47 completed - Docs: 60 | Terms: 41858 | Time: 0.0267s
2025-05-12 15:31:37 - INFO - Chunk 48 completed - Docs: 60 | Terms: 36851 | Time: 0.0238s
2025-05-12 15:31:38 - INFO - Chunk 49 completed - Docs: 60 | Terms: 40262 | Time: 0.0257s
2025-05-12 15:31:38 - INFO - Chunk 50 completed - Docs: 60 | Terms: 38284 | Time: 0.0264s
2025-05-12 15:31:39 - INFO - Chunk 51 completed - Docs: 60 | Terms: 43360 | Time: 0.0284s
2025-05-12 15:31:40 - INFO - Chunk 52 completed - Docs: 60 | Terms: 37570 | Time: 0.0255s
2025-05-12 15:31:42 - INFO - Chunk 53 completed - Docs: 60 | Terms: 55356 | Time: 0.0339s
2025-05-12 15:31:44 - INFO - Chunk 54 completed - Docs: 60 | Terms: 61446 | Time: 0.0415s
2025-05-12 15:31:45 - INFO - Chunk 55 completed - Docs: 60 | Terms: 43443 | Time: 0.0288s
2025-05-12 15:31:46 - INFO - Chunk 56 completed - Docs: 60 | Terms: 39508 | Time: 0.0261s
2025-05-12 15:31:47 - INFO - Chunk 57 completed - Docs: 60 | Terms: 43671 | Time: 0.0332s
2025-05-12 15:31:48 - INFO - Chunk 58 completed - Docs: 60 | Terms: 39850 | Time: 0.0269s
2025-05-12 15:31:49 - INFO - Chunk 59 completed - Docs: 60 | Terms: 41139 | Time: 0.0299s
2025-05-12 15:31:50 - INFO - Chunk 60 completed - Docs: 60 | Terms: 40241 | Time: 0.0288s
2025-05-12 15:31:51 - INFO - Chunk 61 completed - Docs: 60 | Terms: 44409 | Time: 0.0313s
2025-05-12 15:31:51 - INFO - Chunk 62 completed - Docs: 60 | Terms: 34938 | Time: 0.0254s
2025-05-12 15:31:52 - INFO - Chunk 63 completed - Docs: 60 | Terms: 37512 | Time: 0.0284s
2025-05-12 15:31:53 - INFO - Chunk 64 completed - Docs: 60 | Terms: 45140 | Time: 0.0358s
2025-05-12 15:31:54 - INFO - Chunk 65 completed - Docs: 60 | Terms: 44133 | Time: 0.0338s
2025-05-12 15:31:55 - INFO - Chunk 66 completed - Docs: 60 | Terms: 40525 | Time: 0.0270s
2025-05-12 15:31:56 - INFO - Chunk 67 completed - Docs: 60 | Terms: 36359 | Time: 0.0243s
2025-05-12 15:31:57 - INFO - Chunk 68 completed - Docs: 60 | Terms: 38557 | Time: 0.0278s
2025-05-12 15:31:58 - INFO - Chunk 69 completed - Docs: 60 | Terms: 40064 | Time: 0.0268s
2025-05-12 15:31:59 - INFO - Chunk 70 completed - Docs: 60 | Terms: 38404 | Time: 0.0255s
2025-05-12 15:31:59 - INFO - Chunk 71 completed - Docs: 60 | Terms: 40225 | Time: 0.0314s
2025-05-12 15:32:01 - INFO - Chunk 72 completed - Docs: 60 | Terms: 43601 | Time: 0.0329s
2025-05-12 15:32:01 - INFO - Chunk 73 completed - Docs: 60 | Terms: 37106 | Time: 0.0256s
2025-05-12 15:32:02 - INFO - Chunk 74 completed - Docs: 60 | Terms: 35445 | Time: 0.0238s
2025-05-12 15:32:03 - INFO - Chunk 75 completed - Docs: 60 | Terms: 35477 | Time: 0.0245s
2025-05-12 15:32:04 - INFO - Chunk 76 completed - Docs: 60 | Terms: 39774 | Time: 0.0267s
2025-05-12 15:32:05 - INFO - Chunk 77 completed - Docs: 60 | Terms: 39736 | Time: 0.0260s
2025-05-12 15:32:05 - INFO - Chunk 78 completed - Docs: 60 | Terms: 36319 | Time: 0.0241s
2025-05-12 15:32:06 - INFO - Chunk 79 completed - Docs: 60 | Terms: 41202 | Time: 0.0265s
2025-05-12 15:32:07 - INFO - Chunk 80 completed - Docs: 60 | Terms: 41564 | Time: 0.0288s
2025-05-12 15:32:08 - INFO - Chunk 81 completed - Docs: 60 | Terms: 35506 | Time: 0.0235s
2025-05-12 15:32:09 - INFO - Chunk 82 completed - Docs: 60 | Terms: 38862 | Time: 0.0265s
2025-05-12 15:32:10 - INFO - Chunk 83 completed - Docs: 60 | Terms: 39869 | Time: 0.0308s
2025-05-12 15:32:11 - INFO - Chunk 84 completed - Docs: 60 | Terms: 39000 | Time: 0.0267s
2025-05-12 15:32:11 - INFO - Chunk 85 completed - Docs: 60 | Terms: 41174 | Time: 0.0267s
2025-05-12 15:32:12 - INFO - Chunk 86 completed - Docs: 60 | Terms: 43806 | Time: 0.0326s
2025-05-12 15:32:14 - INFO - Chunk 87 completed - Docs: 60 | Terms: 45165 | Time: 0.0695s
2025-05-12 15:32:15 - INFO - Chunk 88 completed - Docs: 60 | Terms: 45318 | Time: 0.0310s
2025-05-12 15:32:16 - INFO - Chunk 89 completed - Docs: 60 | Terms: 41872 | Time: 0.0294s
2025-05-12 15:32:17 - INFO - Chunk 90 completed - Docs: 60 | Terms: 39856 | Time: 0.0326s
2025-05-12 15:32:18 - INFO - Chunk 91 completed - Docs: 60 | Terms: 45616 | Time: 0.0314s
2025-05-12 15:32:19 - INFO - Chunk 92 completed - Docs: 60 | Terms: 38202 | Time: 0.0252s
2025-05-12 15:32:20 - INFO - Chunk 93 completed - Docs: 60 | Terms: 43132 | Time: 0.0286s
2025-05-12 15:32:20 - INFO - Chunk 94 completed - Docs: 60 | Terms: 36653 | Time: 0.0245s
2025-05-12 15:32:21 - INFO - Chunk 95 completed - Docs: 60 | Terms: 40245 | Time: 0.0269s
2025-05-12 15:32:22 - INFO - Chunk 96 completed - Docs: 60 | Terms: 41154 | Time: 0.0274s
2025-05-12 15:32:23 - INFO - Chunk 97 completed - Docs: 60 | Terms: 38833 | Time: 0.0272s
2025-05-12 15:32:24 - INFO - Chunk 98 completed - Docs: 60 | Terms: 42561 | Time: 0.0280s
2025-05-12 15:32:25 - INFO - Chunk 99 completed - Docs: 60 | Terms: 36200 | Time: 0.0256s
2025-05-12 15:32:25 - INFO - Final Chunk 100 completed - Docs: 43 | Terms: 25041 | Time: 0.0183s
2025-05-12 15:32:25 - INFO - === Chunk Generation Summary ===
2025-05-12 15:32:25 - INFO - Total chunks: 101
2025-05-12 15:32:25 - INFO - Total documents: 6043
2025-05-12 15:32:25 - INFO - Total terms processed: 4102980
2025-05-12 15:32:25 - INFO - Total chunk processing time: 2.7709s
2025-05-12 15:32:25 - INFO - Average chunk time: 0.0274s
2025-05-12 15:32:25 - INFO - Median chunk time: 0.0265s
2025-05-12 15:32:25 - INFO - Chunk size range: 43-60 docs
2025-05-12 15:32:25 - INFO - === Merging Phase ===
2025-05-12 15:37:57 - INFO - Merged 101 chunks in 331.8645s
2025-05-12 15:37:57 - INFO - Vocabulary size: 428375 terms
2025-05-12 15:37:57 - INFO - === Final Summary ===
2025-05-12 15:37:57 - INFO - Total indexing time: 423.3036s
2025-05-12 15:37:57 - INFO - Documents per second: 14.28
2025-05-12 15:37:57 - INFO - Terms per second: 9692.76
2025-05-12 15:37:58 - INFO - Results saved to id_to_docs.pkl and vocabulary.pkl
2025-05-12 18:04:40 - INFO - Starting BSBI algorithm...
2025-05-12 18:04:40 - INFO - Processing directory: ../data/wiki-small/
2025-05-12 18:04:40 - INFO - Chunk limit: 600 documents per chunk
2025-05-12 18:04:40 - INFO - === Chunk Generation Phase ===
2025-05-12 18:04:52 - INFO - Chunk 0 completed - Docs: 600 | Terms: 409791 | Time: 0.2840s
2025-05-12 18:05:02 - INFO - Chunk 1 completed - Docs: 600 | Terms: 410548 | Time: 0.2933s
2025-05-12 18:05:11 - INFO - Chunk 2 completed - Docs: 600 | Terms: 408705 | Time: 0.2852s
2025-05-12 18:05:20 - INFO - Chunk 3 completed - Docs: 600 | Terms: 399014 | Time: 0.2848s
2025-05-12 18:05:29 - INFO - Chunk 4 completed - Docs: 600 | Terms: 402499 | Time: 0.2938s
2025-05-12 18:05:43 - INFO - Chunk 5 completed - Docs: 600 | Terms: 443627 | Time: 0.3730s
2025-05-12 18:05:54 - INFO - Chunk 6 completed - Docs: 600 | Terms: 401878 | Time: 0.3406s
2025-05-12 18:06:05 - INFO - Chunk 7 completed - Docs: 600 | Terms: 387289 | Time: 0.3816s
2025-05-12 18:06:15 - INFO - Chunk 8 completed - Docs: 600 | Terms: 412136 | Time: 0.4009s
2025-05-12 18:06:27 - INFO - Chunk 9 completed - Docs: 600 | Terms: 402452 | Time: 0.3825s
2025-05-12 18:06:27 - INFO - Final Chunk 10 completed - Docs: 43 | Terms: 25041 | Time: 0.0234s
2025-05-12 18:06:27 - INFO - === Chunk Generation Summary ===
2025-05-12 18:06:27 - INFO - Total chunks: 11
2025-05-12 18:06:27 - INFO - Total documents: 6043
2025-05-12 18:06:27 - INFO - Total terms processed: 4102980
2025-05-12 18:06:27 - INFO - Total chunk processing time: 3.3432s
2025-05-12 18:06:27 - INFO - Average chunk time: 0.3039s
2025-05-12 18:06:27 - INFO - Median chunk time: 0.2938s
2025-05-12 18:06:27 - INFO - Chunk size range: 43-600 docs
2025-05-12 18:06:27 - INFO - === Merging Phase ===
2025-05-12 18:10:01 - INFO - Merged 11 chunks in 213.7638s
2025-05-12 18:10:01 - INFO - Vocabulary size: 428375 terms
2025-05-12 18:10:01 - INFO - === Final Summary ===
2025-05-12 18:10:01 - INFO - Total indexing time: 321.3581s
2025-05-12 18:10:01 - INFO - Documents per second: 18.80
2025-05-12 18:10:01 - INFO - Terms per second: 12767.62
2025-05-12 18:10:01 - INFO - Results saved to id_to_docs.pkl and vocabulary.pkl
2025-05-12 18:23:56 - INFO - Starting BSBI algorithm...
2025-05-12 18:23:57 - INFO - Processing directory: ../data/wiki-small/
2025-05-12 18:23:57 - INFO - Chunk limit: 1200 documents per chunk
2025-05-12 18:23:57 - INFO - === Chunk Generation Phase ===
2025-05-12 18:24:18 - INFO - Chunk 0 completed - Docs: 1200 | Terms: 820339 | Time: 0.5435s
2025-05-12 18:24:38 - INFO - Chunk 1 completed - Docs: 1200 | Terms: 807719 | Time: 0.6369s
2025-05-12 18:25:03 - INFO - Chunk 2 completed - Docs: 1200 | Terms: 846126 | Time: 0.7185s
2025-05-12 18:25:24 - INFO - Chunk 3 completed - Docs: 1200 | Terms: 789167 | Time: 0.7374s
2025-05-12 18:25:46 - INFO - Chunk 4 completed - Docs: 1200 | Terms: 814588 | Time: 0.6997s
2025-05-12 18:25:46 - INFO - Final Chunk 5 completed - Docs: 43 | Terms: 25041 | Time: 0.0249s
2025-05-12 18:25:46 - INFO - === Chunk Generation Summary ===
2025-05-12 18:25:46 - INFO - Total chunks: 6
2025-05-12 18:25:46 - INFO - Total documents: 6043
2025-05-12 18:25:46 - INFO - Total terms processed: 4102980
2025-05-12 18:25:46 - INFO - Total chunk processing time: 3.3610s
2025-05-12 18:25:46 - INFO - Average chunk time: 0.5602s
2025-05-12 18:25:46 - INFO - Median chunk time: 0.6997s
2025-05-12 18:25:46 - INFO - Chunk size range: 43-1200 docs
2025-05-12 18:25:46 - INFO - === Merging Phase ===
2025-05-12 18:28:49 - INFO - Merged 6 chunks in 182.7987s
2025-05-12 18:28:49 - INFO - Vocabulary size: 428375 terms
2025-05-12 18:28:49 - INFO - === Final Summary ===
2025-05-12 18:28:49 - INFO - Total indexing time: 292.5745s
2025-05-12 18:28:49 - INFO - Documents per second: 20.65
2025-05-12 18:28:49 - INFO - Terms per second: 14023.71
2025-05-12 18:28:50 - INFO - Results saved to id_to_docs.pkl and vocabulary.pkl
2025-05-12 18:30:00 - INFO - Starting BSBI algorithm...
2025-05-12 18:30:00 - INFO - Processing directory: ../data/wiki-small/
2025-05-12 18:30:00 - INFO - Chunk limit: 2000 documents per chunk
2025-05-12 18:30:00 - INFO - === Chunk Generation Phase ===
2025-05-12 18:30:36 - INFO - Chunk 0 completed - Docs: 2000 | Terms: 1357473 | Time: 0.9847s
2025-05-12 18:31:13 - INFO - Chunk 1 completed - Docs: 2000 | Terms: 1391541 | Time: 1.0362s
2025-05-12 18:31:48 - INFO - Chunk 2 completed - Docs: 2000 | Terms: 1328925 | Time: 1.1267s
2025-05-12 18:31:49 - INFO - Final Chunk 3 completed - Docs: 43 | Terms: 25041 | Time: 0.0222s
2025-05-12 18:31:49 - INFO - === Chunk Generation Summary ===
2025-05-12 18:31:49 - INFO - Total chunks: 4
2025-05-12 18:31:49 - INFO - Total documents: 6043
2025-05-12 18:31:49 - INFO - Total terms processed: 4102980
2025-05-12 18:31:49 - INFO - Total chunk processing time: 3.1698s
2025-05-12 18:31:49 - INFO - Average chunk time: 0.7925s
2025-05-12 18:31:49 - INFO - Median chunk time: 1.0362s
2025-05-12 18:31:49 - INFO - Chunk size range: 43-2000 docs
2025-05-12 18:31:49 - INFO - === Merging Phase ===
2025-05-12 18:34:43 - INFO - Merged 4 chunks in 173.6624s
2025-05-12 18:34:43 - INFO - Vocabulary size: 428375 terms
2025-05-12 18:34:43 - INFO - === Final Summary ===
2025-05-12 18:34:43 - INFO - Total indexing time: 282.6293s
2025-05-12 18:34:43 - INFO - Documents per second: 21.38
2025-05-12 18:34:43 - INFO - Terms per second: 14517.18
2025-05-12 18:34:43 - INFO - Results saved to id_to_docs.pkl and vocabulary.pkl
2025-05-12 18:35:10 - INFO - Starting BSBI algorithm...
2025-05-12 18:35:10 - INFO - Processing directory: ../data/wiki-small/
2025-05-12 18:35:10 - INFO - Chunk limit: 6043 documents per chunk
2025-05-12 18:35:10 - INFO - === Chunk Generation Phase ===
2025-05-12 18:36:53 - INFO - Chunk 0 completed - Docs: 6043 | Terms: 4102980 | Time: 3.2723s
2025-05-12 18:36:54 - INFO - === Chunk Generation Summary ===
2025-05-12 18:36:54 - INFO - Total chunks: 1
2025-05-12 18:36:54 - INFO - Total documents: 6043
2025-05-12 18:36:54 - INFO - Total terms processed: 4102980
2025-05-12 18:36:54 - INFO - Total chunk processing time: 3.2723s
2025-05-12 18:36:54 - INFO - Average chunk time: 3.2723s
2025-05-12 18:36:54 - INFO - Median chunk time: 3.2723s
2025-05-12 18:36:54 - INFO - Chunk size range: 6043-6043 docs
2025-05-12 18:36:54 - INFO - === Merging Phase ===
2025-05-12 18:39:35 - INFO - Merged 1 chunks in 161.3082s
2025-05-12 18:39:35 - INFO - Vocabulary size: 428375 terms
2025-05-12 18:39:35 - INFO - === Final Summary ===
2025-05-12 18:39:35 - INFO - Total indexing time: 265.7490s
2025-05-12 18:39:35 - INFO - Documents per second: 22.74
2025-05-12 18:39:35 - INFO - Terms per second: 15439.31
2025-05-12 18:39:36 - INFO - Results saved to id_to_docs.pkl and vocabulary.pkl
